info it worked if it ends with ok
verbose cli [ 'node',
verbose cli   '/Users/mnmly/.nvm/v0.6.11/bin/npm',
verbose cli   'install',
verbose cli   '-g',
verbose cli   'git@github.com:mnmly/docco.git' ]
info using npm@1.1.1
info using node@v0.6.11
verbose config file /Users/mnmly/.npmrc
verbose config file /Users/mnmly/.nvm/v0.6.11/etc/npmrc
verbose config file /Users/mnmly/.nvm/v0.6.11/lib/node_modules/npm/npmrc
verbose cache add [ 'git@github.com:mnmly/docco.git', null ]
silly cache add: name, spec, args [ undefined,
silly cache add: name, spec, args   'git@github.com:mnmly/docco.git',
silly cache add: name, spec, args   [ 'git@github.com:mnmly/docco.git', null ] ]
verbose parsed url { pathname: 'git@github.com:mnmly/docco.git',
verbose parsed url   path: 'git@github.com:mnmly/docco.git',
verbose parsed url   href: 'git@github.com:mnmly/docco.git' }
silly cache add: name, spec, args [ 'git',
silly cache add: name, spec, args   'github.com:mnmly/docco.git',
silly cache add: name, spec, args   [ 'git', 'github.com:mnmly/docco.git' ] ]
verbose parsed url { protocol: 'github.com:',
verbose parsed url   host: 'mnmly',
verbose parsed url   hostname: 'mnmly',
verbose parsed url   href: 'github.com:mnmly/docco.git',
verbose parsed url   pathname: '/docco.git',
verbose parsed url   path: '/docco.git' }
verbose addNamed [ 'git', 'github.com:mnmly/docco.git' ]
verbose addNamed [ null, null ]
info addNameTag [ 'git', 'github.com:mnmly/docco.git' ]
verbose raw, before any munging git
verbose url resolving [ 'https://registry.npmjs.org/', './git' ]
verbose url resolved https://registry.npmjs.org/git
verbose etag "4WSJFBHDRTFQ6BM3V2QSPLQVH"
http GET https://registry.npmjs.org/git
http 304 https://registry.npmjs.org/git
silly get cb [ 304,
silly get cb   { server: 'CouchDB/1.1.0 (Erlang OTP/R14B04)',
silly get cb     etag: '"4WSJFBHDRTFQ6BM3V2QSPLQVH"',
silly get cb     date: 'Thu, 01 Mar 2012 22:11:10 GMT',
silly get cb     'content-length': '0' } ]
verbose etag git from cache
ERR! Error: No compatible version found: git@'github.com:mnmly/docco.git'
ERR! Valid install targets:
ERR! ["0.1.0","0.1.1","0.1.2","0.1.3"]
ERR!     at installTargetsError (/Users/mnmly/.nvm/v0.6.11/lib/node_modules/npm/lib/cache.js:488:10)
ERR!     at /Users/mnmly/.nvm/v0.6.11/lib/node_modules/npm/lib/cache.js:375:15
ERR!     at saved (/Users/mnmly/.nvm/v0.6.11/lib/node_modules/npm/lib/utils/npm-registry-client/get.js:147:7)
ERR!     at Object.oncomplete (/Users/mnmly/.nvm/v0.6.11/lib/node_modules/npm/node_modules/graceful-fs/graceful-fs.js:231:7)
ERR! You may report this log at:
ERR!     <http://github.com/isaacs/npm/issues>
ERR! or email it to:
ERR!     <npm-@googlegroups.com>
ERR! 
ERR! System Darwin 11.3.0
ERR! command "node" "/Users/mnmly/.nvm/v0.6.11/bin/npm" "install" "-g" "git@github.com:mnmly/docco.git"
ERR! cwd /Users/mnmly/Development/GitHub/docco
ERR! node -v v0.6.11
ERR! npm -v 1.1.1
ERR! message No compatible version found: git@'github.com:mnmly/docco.git'
ERR! message Valid install targets:
ERR! message ["0.1.0","0.1.1","0.1.2","0.1.3"]
verbose exit [ 1, true ]
